Flutter crash report; please file at https://github.com/flutter/flutter/issues.

## command

flutter run

## exception

NoSuchMethodError: NoSuchMethodError: Closure call with mismatched arguments: function 'FlutterCommand.run.<anonymous closure>'
Receiver: Closure: () => dynamic
Tried calling: FlutterCommand.run.<anonymous closure>(Instance of 'ToolExit')
Found: FlutterCommand.run.<anonymous closure>()

```
#0      Object._noSuchMethod (dart:core-patch/object_patch.dart:43)
#1      Object.noSuchMethod (dart:core-patch/object_patch.dart:47)
#2      _rootRunUnary (dart:async/zone.dart:1128)
#3      _CustomZone.runUnary (dart:async/zone.dart:1012)
#4      _FutureListener.handleError (dart:async/future_impl.dart:145)
#5      _Future._propagateToListeners.handleError (dart:async/future_impl.dart:643)
#6      _Future._propagateToListeners (dart:async/future_impl.dart:664)
#7      _Future._completeError (dart:async/future_impl.dart:482)
#8      _SyncCompleter._completeError (dart:async/future_impl.dart:55)
#9      _Completer.completeError (dart:async/future_impl.dart:27)
#10     RunCommand.verifyThenRunCommand (package:flutter_tools/src/commands/run.dart:211)
<asynchronous suspension>
#11     FlutterCommand.run (package:flutter_tools/src/runner/flutter_command.dart:158)
<asynchronous suspension>
#12     CommandRunner.runCommand (package:args/command_runner.dart:194)
<asynchronous suspension>
#13     FlutterCommandRunner.runCommand (package:flutter_tools/src/runner/flutter_command_runner.dart:262)
<asynchronous suspension>
#14     CommandRunner.run.<anonymous closure> (package:args/command_runner.dart:109)
#15     Future.Future.sync (dart:async/future.dart:208)
#16     CommandRunner.run (package:args/command_runner.dart:109)
#17     FlutterCommandRunner.run (package:flutter_tools/src/runner/flutter_command_runner.dart:157)
#18     run.<anonymous closure> (package:flutter_tools/executable.dart:140)
<asynchronous suspension>
#19     AppContext._run (package:flutter_tools/src/base/context.dart:76)
<asynchronous suspension>
#20     AppContext.runInZone.<anonymous closure> (package:flutter_tools/src/base/context.dart:66)
#21     _rootRun (dart:async/zone.dart:1120)
#22     _CustomZone.run (dart:async/zone.dart:1001)
#23     runZoned (dart:async/zone.dart:1465)
#24     AppContext.runInZone (package:flutter_tools/src/base/context.dart:65)
#25     run (package:flutter_tools/executable.dart:113)
<asynchronous suspension>
#26     main (package:flutter_tools/executable.dart:66)
<asynchronous suspension>
#27     main (file:///Users/xster/development/flutter/packages/flutter_tools/bin/flutter_tools.dart:8)
#28     _startIsolate.<anonymous closure> (dart:isolate-patch/isolate_patch.dart:263)
#29     _RawReceivePortImpl._handleMessage (dart:isolate-patch/isolate_patch.dart:151)
```

## flutter doctor

```
[✓] Flutter (on Mac OS X 10.12.4 16E195, channel analytics)
    • Flutter at /Users/xster/development/flutter
    • Framework revision b326bed32d (63 minutes ago), 2017-04-27 14:08:42 -0700
    • Engine revision c0f1e3b47b
    • Tools Dart version 1.23.0-dev.11.11

[✓] Host Executable Compatibility
    • Downloaded executables execute on host

[✓] Android toolchain - develop for Android devices (Android SDK 25.0.2)
    • Android SDK at /Users/xster/Library/Android/sdk
    • Platform android-25, build-tools 25.0.2
    • ANDROID_HOME = /Users/xster/Library/Android/sdk
    • Java binary at: /Applications/Android Studio.app/Contents/jre/jdk/Contents/Home/bin/java
    • Java version: OpenJDK Runtime Environment (build 1.8.0_112-release-b06)

[✓] iOS toolchain - develop for iOS devices (Xcode 8.3)
    • Xcode at /Applications/Xcode.app/Contents/Developer
    • Xcode 8.3, Build version 8E162
    • ios-deploy 1.9.1
    • CocoaPods version 1.2.0

[✓] Android Studio (version 2.3)
    • Android Studio at /Applications/Android Studio.app/Contents
    • Gradle version 3.2
    • Java version: OpenJDK Runtime Environment (build 1.8.0_112-release-b06)

[✓] IntelliJ IDEA Community Edition (version 2017.1)
    • Dart plugin version 171.4006
    • Flutter plugin version 12.1

[✓] Connected devices
    • Nexus 4 Svelte test mode • 04f84703d1118cec                         • android-arm • Android 5.1.1 (API 22)
    • Xiao Yu’s iPhone         • ff369dfd5f4a80545a431441c1e3066f8cb8d759 • ios         • iOS 10.3.1 (14E304)

```
